Building DAG of jobs...
Using shell: /usr/bin/bash
Provided cores: 2
Rules claiming more threads will be scaled down.
Job counts:
	count	jobs
	1	all
	1	merge_end_reads
	1	remove_dupl
	3

[Sun Sep  6 16:13:06 2020]
rule merge_end_reads:
    input: output/EndAlign.fq, output/beginAlign.fq
    output: output/EndReads.fq, output/EndReads.fa
    jobid: 2

[Sun Sep  6 16:13:06 2020]
Finished job 2.
1 of 3 steps (33%) done

[Sun Sep  6 16:13:06 2020]
rule remove_dupl:
    input: output/EndReads.fa
    output: output/EndReads_dupl_remove.fa
    jobid: 1

[Sun Sep  6 16:13:06 2020]
Finished job 1.
2 of 3 steps (67%) done

[Sun Sep  6 16:13:06 2020]
localrule all:
    input: output/EndReads_dupl_remove.fa
    jobid: 0

[Sun Sep  6 16:13:06 2020]
Finished job 0.
3 of 3 steps (100%) done
Complete log: /data/user/huangf/Arginini/original/snakemake/.snakemake/log/2020-09-06T161306.158840.snakemake.log
