Building DAG of jobs...
Using shell: /usr/bin/bash
Provided cores: 2
Rules claiming more threads will be scaled down.
Job counts:
	count	jobs
	1	all
	1	endReads_select
	1	merge_end_reads
	1	rawfq_firstrun
	1	remove_dupl
	1	samtools_sort
	6

[Sun Sep  6 16:50:12 2020]
rule rawfq_firstrun:
    input: output/firstrun.fa, data/rawdata.fastq
    output: output/rawfq_firstrun.bam
    jobid: 5

[Sun Sep  6 16:50:48 2020]
Finished job 5.
1 of 6 steps (17%) done

[Sun Sep  6 16:50:48 2020]
rule samtools_sort:
    input: output/rawfq_firstrun.bam
    output: output/rawfq_firstrun_srt.bam
    jobid: 4

[Sun Sep  6 16:51:06 2020]
Finished job 4.
2 of 6 steps (33%) done

[Sun Sep  6 16:51:06 2020]
rule endReads_select:
    input: output/firstrun.fa, output/rawfq_firstrun_srt.bam
    output: output/EndAlign.fq, output/beginAlign.fq
    jobid: 3

[Sun Sep  6 16:51:06 2020]
Finished job 3.
3 of 6 steps (50%) done

[Sun Sep  6 16:51:06 2020]
rule merge_end_reads:
    input: output/EndAlign.fq, output/beginAlign.fq
    output: output/EndReads.fq, output/EndReads.fa
    jobid: 2

[Sun Sep  6 16:51:06 2020]
Finished job 2.
4 of 6 steps (67%) done

[Sun Sep  6 16:51:06 2020]
rule remove_dupl:
    input: output/EndReads.fa
    output: output/EndReads_dupl_remove.fa
    jobid: 1

[Sun Sep  6 16:51:06 2020]
Finished job 1.
5 of 6 steps (83%) done

[Sun Sep  6 16:51:06 2020]
localrule all:
    input: output/EndReads_dupl_remove.fa
    jobid: 0

[Sun Sep  6 16:51:06 2020]
Finished job 0.
6 of 6 steps (100%) done
Complete log: /data/user/huangf/Arginini/original/snakemake/.snakemake/log/2020-09-06T165012.233320.snakemake.log
