Building DAG of jobs...
Using shell: /usr/bin/bash
Provided cores: 2
Rules claiming more threads will be scaled down.
Job counts:
	count	jobs
	1	Oneline_fa_2
	1	all
	1	select_longContig
	3

[Mon Sep  7 11:13:14 2020]
rule select_longContig:
    input: output/assembly.fasta
    output: output/secondrun.fa
    jobid: 2

[Mon Sep  7 11:13:14 2020]
Finished job 2.
1 of 3 steps (33%) done

[Mon Sep  7 11:13:14 2020]
rule Oneline_fa_2:
    input: output/secondrun.fa
    output: output/secondrunSeq
    jobid: 1

[Mon Sep  7 11:13:14 2020]
Finished job 1.
2 of 3 steps (67%) done

[Mon Sep  7 11:13:14 2020]
localrule all:
    input: output/secondrunSeq
    jobid: 0

[Mon Sep  7 11:13:14 2020]
Finished job 0.
3 of 3 steps (100%) done
Complete log: /data/user/huangf/Arginini/original/snakemake/.snakemake/log/2020-09-07T111314.562329.snakemake.log
