Building DAG of jobs...
Using shell: /usr/bin/bash
Provided cores: 2
Rules claiming more threads will be scaled down.
Job counts:
	count	jobs
	1	all
	1	endReads_select
	1	merge_end_reads
	1	remove_dupl
	4

[Sun Sep  6 21:31:11 2020]
rule endReads_select:
    input: output/firstrun.fa, output/rawfq_firstrun_srt.bam
    output: output/EndAlign.fq, output/beginAlign.fq
    jobid: 3

[Sun Sep  6 21:31:11 2020]
Finished job 3.
1 of 4 steps (25%) done

[Sun Sep  6 21:31:11 2020]
rule merge_end_reads:
    input: output/EndAlign.fq, output/beginAlign.fq
    output: output/EndReads.fq, output/EndReads.fa
    jobid: 2

[Sun Sep  6 21:31:11 2020]
Finished job 2.
2 of 4 steps (50%) done

[Sun Sep  6 21:31:11 2020]
rule remove_dupl:
    input: output/EndReads.fa
    output: output/EndReads_dupl_remove.fa
    jobid: 1

[Sun Sep  6 21:31:11 2020]
Finished job 1.
3 of 4 steps (75%) done

[Sun Sep  6 21:31:11 2020]
localrule all:
    input: output/EndReads_dupl_remove.fa
    jobid: 0

[Sun Sep  6 21:31:11 2020]
Finished job 0.
4 of 4 steps (100%) done
Complete log: /data/user/huangf/Arginini/original/snakemake/.snakemake/log/2020-09-06T213110.941525.snakemake.log
