Building DAG of jobs...
Using shell: /usr/bin/bash
Provided cores: 2
Rules claiming more threads will be scaled down.
Job counts:
	count	jobs
	1	all
	1	endReads_select
	1	first_assemble
	1	fq_to_fa
	1	longread_len
	1	longread_polish
	1	merge_end_reads
	1	rawfq_firstrun
	1	remove_dupl
	1	select_longestContig
	1	select_longread
	1	short_to_long
	12

[Sun Sep  6 14:11:32 2020]
rule longread_len:
    input: data/rawdata.fastq
    output: output/read_len_distrbution_2.txt
    jobid: 11

[Sun Sep  6 14:11:32 2020]
Finished job 11.
1 of 12 steps (8%) done

[Sun Sep  6 14:11:32 2020]
rule select_longread:
    input: data/rawdata.fastq, output/read_len_distrbution_2.txt
    output: output/filter_length.fq, output/left_filter_length.fq
    jobid: 9

[Sun Sep  6 14:11:33 2020]
Finished job 9.
2 of 12 steps (17%) done

[Sun Sep  6 14:11:33 2020]
rule fq_to_fa:
    input: output/filter_length.fq
    output: output/filter_length.fa
    jobid: 8

[Sun Sep  6 14:11:33 2020]
Finished job 8.
3 of 12 steps (25%) done

[Sun Sep  6 14:11:33 2020]
rule short_to_long:
    input: output/filter_length.fa, output/left_filter_length.fq
    output: output/short_to_long.sam
    jobid: 10

[Sun Sep  6 14:13:23 2020]
Finished job 10.
4 of 12 steps (33%) done

[Sun Sep  6 14:13:23 2020]
rule longread_polish:
    input: output/filter_length.fa, output/left_filter_length.fq, output/short_to_long.sam
    output: output/long_racon_corrected.fa
    jobid: 7

[Sun Sep  6 14:15:27 2020]
Finished job 7.
5 of 12 steps (42%) done

[Sun Sep  6 14:15:27 2020]
rule first_assemble:
    input: output/long_racon_corrected.fa
    output: output/assembly.fasta
    jobid: 6

[Sun Sep  6 14:27:31 2020]
Finished job 6.
6 of 12 steps (50%) done

[Sun Sep  6 14:27:31 2020]
rule select_longestContig:
    input: output/assembly.fasta
    output: output/firstrun.fa
    jobid: 4

[Sun Sep  6 14:27:31 2020]
Error in rule select_longestContig:
    jobid: 4
    output: output/firstrun.fa
    shell:
        python script/select_plasmidID_longest_contig.py output/assembly.fasta output/firstrun.fa
        (one of the commands exited with non-zero exit code; note that snakemake uses bash strict mode!)

Shutting down, this might take some time.
Exiting because a job execution failed. Look above for error message
Complete log: /data/user/huangf/Arginini/original/snakemake/.snakemake/log/2020-09-06T141132.053473.snakemake.log
